<?xml version="1.0" encoding="UTF-8"?>
<!-- Generated by org.testng.reporters.JUnitXMLReporter -->
<testsuite ignored="0" hostname="Lenovo" failures="0" tests="4" name="Test" time="0.471" errors="0" timestamp="2022-01-28T00:00:28 IST">
  <testcase classname="com.crm.orgtest.CreateorgTest" name="createorgtest" time="0.09"/>
  <testcase classname="com.crm.orgtest.CreateorgTest" name="modifyorgTest" time="0.008"/>
  <testcase classname="com.crm.comcast.CreatecontactTest" name="contacttest" time="0.047"/>
  <testcase classname="com.crm.comcast.CreatecontactTest" name="modifycontacttest" time="0.044"/>
</testsuite> <!-- Test -->
