<?xml version="1.0" encoding="UTF-8"?>
<!-- Generated by org.testng.reporters.JUnitXMLReporter -->
<testsuite ignored="2" hostname="Lenovo" failures="0" tests="2" name="Test" time="0.203" errors="0" timestamp="2022-01-25T22:46:07 IST">
  <testcase classname="com.crm.orgtest.CreateorgTest" name="modifyorgTest" time="0.024"/>
  <testcase classname="com.crm.comcast.CreatecontactTest" name="modifycontacttest" time="0.013"/>
  <testcase classname="com.crm.comcast.CreatecontactTest" name="contacttest" time="0.0">
    <ignored/>
  </testcase> <!-- contacttest -->
  <testcase classname="com.crm.orgtest.CreateorgTest" name="createorgtest" time="0.0">
    <ignored/>
  </testcase> <!-- createorgtest -->
</testsuite> <!-- Test -->
