<?xml version="1.0" encoding="UTF-8"?>
<testng-results ignored="2" total="4" passed="2" failed="0" skipped="0">
  <reporter-output>
  </reporter-output>
  <suite started-at="2022-01-25T22:46:07 IST" name="Suite" finished-at="2022-01-25T22:46:07 IST" duration-ms="203">
    <groups>
      <group name="regresstesting">
        <method signature="CreatecontactTest.modifycontacttest()[pri:0, instance:com.crm.comcast.CreatecontactTest@7880cdf3]" name="modifycontacttest" class="com.crm.comcast.CreatecontactTest"/>
        <method signature="CreateorgTest.modifyorgTest()[pri:0, instance:com.crm.orgtest.CreateorgTest@4b14c583]" name="modifyorgTest" class="com.crm.orgtest.CreateorgTest"/>
      </group> <!-- regresstesting -->
    </groups>
    <test started-at="2022-01-25T22:46:07 IST" name="Test" finished-at="2022-01-25T22:46:07 IST" duration-ms="203">
      <class name="com.crm.orgtest.CreateorgTest">
        <test-method signature="modifyorgTest()[pri:0, instance:com.crm.orgtest.CreateorgTest@4b14c583]" started-at="2022-01-25T22:46:07 IST" name="modifyorgTest" finished-at="2022-01-25T22:46:07 IST" duration-ms="24" status="PASS">
          <reporter-output>
          </reporter-output>
        </test-method> <!-- modifyorgTest -->
      </class> <!-- com.crm.orgtest.CreateorgTest -->
      <class name="com.crm.comcast.CreatecontactTest">
        <test-method signature="modifycontacttest()[pri:0, instance:com.crm.comcast.CreatecontactTest@7880cdf3]" started-at="2022-01-25T22:46:07 IST" name="modifycontacttest" finished-at="2022-01-25T22:46:07 IST" duration-ms="13" status="PASS">
          <reporter-output>
          </reporter-output>
        </test-method> <!-- modifycontacttest -->
      </class> <!-- com.crm.comcast.CreatecontactTest -->
    </test> <!-- Test -->
  </suite> <!-- Suite -->
</testng-results>
