<?xml version="1.0" encoding="UTF-8"?>
<testng-results ignored="0" total="4" passed="4" failed="0" skipped="0">
  <reporter-output>
  </reporter-output>
  <suite started-at="2022-01-28T00:00:27 IST" name="Suite" finished-at="2022-01-28T00:00:28 IST" duration-ms="471">
    <groups>
      <group name="regresstesting">
        <method signature="CreatecontactTest.modifycontacttest()[pri:0, instance:com.crm.comcast.CreatecontactTest@47d90b9e]" name="modifycontacttest" class="com.crm.comcast.CreatecontactTest"/>
        <method signature="CreateorgTest.modifyorgTest()[pri:0, instance:com.crm.orgtest.CreateorgTest@20d28811]" name="modifyorgTest" class="com.crm.orgtest.CreateorgTest"/>
      </group> <!-- regresstesting -->
      <group name="smoketesting">
        <method signature="CreatecontactTest.contacttest()[pri:0, instance:com.crm.comcast.CreatecontactTest@47d90b9e]" name="contacttest" class="com.crm.comcast.CreatecontactTest"/>
        <method signature="CreateorgTest.createorgtest()[pri:0, instance:com.crm.orgtest.CreateorgTest@20d28811]" name="createorgtest" class="com.crm.orgtest.CreateorgTest"/>
      </group> <!-- smoketesting -->
    </groups>
    <test started-at="2022-01-28T00:00:27 IST" name="Test" finished-at="2022-01-28T00:00:28 IST" duration-ms="471">
      <class name="com.crm.orgtest.CreateorgTest">
        <test-method signature="createorgtest()[pri:0, instance:com.crm.orgtest.CreateorgTest@20d28811]" started-at="2022-01-28T00:00:27 IST" name="createorgtest" finished-at="2022-01-28T00:00:27 IST" duration-ms="90" status="PASS">
          <reporter-output>
          </reporter-output>
        </test-method> <!-- createorgtest -->
        <test-method signature="modifyorgTest()[pri:0, instance:com.crm.orgtest.CreateorgTest@20d28811]" started-at="2022-01-28T00:00:27 IST" name="modifyorgTest" finished-at="2022-01-28T00:00:27 IST" duration-ms="8" status="PASS">
          <reporter-output>
          </reporter-output>
        </test-method> <!-- modifyorgTest -->
      </class> <!-- com.crm.orgtest.CreateorgTest -->
      <class name="com.crm.comcast.CreatecontactTest">
        <test-method signature="contacttest()[pri:0, instance:com.crm.comcast.CreatecontactTest@47d90b9e]" started-at="2022-01-28T00:00:27 IST" name="contacttest" finished-at="2022-01-28T00:00:27 IST" duration-ms="47" status="PASS">
          <reporter-output>
          </reporter-output>
        </test-method> <!-- contacttest -->
        <test-method signature="modifycontacttest()[pri:0, instance:com.crm.comcast.CreatecontactTest@47d90b9e]" started-at="2022-01-28T00:00:27 IST" name="modifycontacttest" finished-at="2022-01-28T00:00:27 IST" duration-ms="44" status="PASS">
          <reporter-output>
          </reporter-output>
        </test-method> <!-- modifycontacttest -->
      </class> <!-- com.crm.comcast.CreatecontactTest -->
    </test> <!-- Test -->
  </suite> <!-- Suite -->
</testng-results>
